21:57:19.709 [TestNG-tests-1] INFO  testCases.TC_002_LoginTest - *** TC_002_LoginTest ***
21:57:20.541 [TestNG-tests-1] INFO  testCases.TC_002_LoginTest - Click on My Account
21:57:21.102 [TestNG-tests-1] INFO  testCases.TC_002_LoginTest - Click on Login link
21:57:21.985 [TestNG-tests-1] INFO  testCases.TC_002_LoginTest - Login button clicked successfully
21:57:22.053 [TestNG-tests-1] INFO  testCases.TC_002_LoginTest - My account message verification completed
21:57:22.053 [TestNG-tests-1] INFO  testCases.TC_002_LoginTest -  TC_002_LoginTest completed successfully 
22:00:11.948 [TestNG-tests-1] INFO  testCases.TC_002_LoginTest - *** TC_002_LoginTest ***
22:00:12.529 [TestNG-tests-1] INFO  testCases.TC_002_LoginTest - Click on My Account
22:00:13.075 [TestNG-tests-1] INFO  testCases.TC_002_LoginTest - Click on Login link
22:00:13.710 [TestNG-tests-1] INFO  testCases.TC_002_LoginTest - Login button clicked successfully
22:56:04.877 [TestNG-tests-1] INFO  testCases.TC_003_LoginDataDrivenTest - *** Starting TC_003_LoginDataDrivenTest *** 
22:56:05.071 [TestNG-tests-1] INFO  testCases.TC_003_LoginDataDrivenTest - Click on My Account
22:56:05.477 [TestNG-tests-1] INFO  testCases.TC_003_LoginDataDrivenTest - Click on Login link
22:56:16.200 [TestNG-tests-1] INFO  testCases.TC_003_LoginDataDrivenTest - *** Starting TC_003_LoginDataDrivenTest *** 
22:56:16.261 [TestNG-tests-1] INFO  testCases.TC_003_LoginDataDrivenTest - Click on My Account
22:56:16.551 [TestNG-tests-1] INFO  testCases.TC_003_LoginDataDrivenTest - Click on Login link
22:56:27.183 [TestNG-tests-1] INFO  testCases.TC_003_LoginDataDrivenTest - *** Starting TC_003_LoginDataDrivenTest *** 
22:56:27.254 [TestNG-tests-1] INFO  testCases.TC_003_LoginDataDrivenTest - Click on My Account
22:56:27.558 [TestNG-tests-1] INFO  testCases.TC_003_LoginDataDrivenTest - Click on Login link
22:56:38.234 [TestNG-tests-1] INFO  testCases.TC_003_LoginDataDrivenTest - *** Starting TC_003_LoginDataDrivenTest *** 
22:56:38.310 [TestNG-tests-1] INFO  testCases.TC_003_LoginDataDrivenTest - Click on My Account
22:56:38.619 [TestNG-tests-1] INFO  testCases.TC_003_LoginDataDrivenTest - Click on Login link
22:56:49.233 [TestNG-tests-1] INFO  testCases.TC_003_LoginDataDrivenTest - *** Starting TC_003_LoginDataDrivenTest *** 
22:56:49.296 [TestNG-tests-1] INFO  testCases.TC_003_LoginDataDrivenTest - Click on My Account
22:56:49.577 [TestNG-tests-1] INFO  testCases.TC_003_LoginDataDrivenTest - Click on Login link
22:56:50.223 [TestNG-tests-1] INFO  testCases.TC_003_LoginDataDrivenTest - My account message verification completed
22:56:50.610 [TestNG-tests-1] INFO  testCases.TC_003_LoginDataDrivenTest - *** Finished TC_003_LoginDataDrivenTest *** 
22:59:07.715 [TestNG-tests-1] INFO  testCases.TC_003_LoginDataDrivenTest - *** Starting TC_003_LoginDataDrivenTest *** 
22:59:07.840 [TestNG-tests-1] INFO  testCases.TC_003_LoginDataDrivenTest - Click on My Account
22:59:08.298 [TestNG-tests-1] INFO  testCases.TC_003_LoginDataDrivenTest - Click on Login link
22:59:18.982 [TestNG-tests-1] INFO  testCases.TC_003_LoginDataDrivenTest - My account message verification completed
22:59:18.982 [TestNG-tests-1] INFO  testCases.TC_003_LoginDataDrivenTest - *** Finished TC_003_LoginDataDrivenTest *** 
22:59:18.998 [TestNG-tests-1] INFO  testCases.TC_003_LoginDataDrivenTest - *** Starting TC_003_LoginDataDrivenTest *** 
22:59:19.057 [TestNG-tests-1] INFO  testCases.TC_003_LoginDataDrivenTest - Click on My Account
22:59:19.512 [TestNG-tests-1] INFO  testCases.TC_003_LoginDataDrivenTest - Click on Login link
22:59:30.591 [TestNG-tests-1] INFO  testCases.TC_003_LoginDataDrivenTest - My account message verification completed
22:59:30.606 [TestNG-tests-1] INFO  testCases.TC_003_LoginDataDrivenTest - *** Finished TC_003_LoginDataDrivenTest *** 
22:59:30.606 [TestNG-tests-1] INFO  testCases.TC_003_LoginDataDrivenTest - *** Starting TC_003_LoginDataDrivenTest *** 
22:59:30.682 [TestNG-tests-1] INFO  testCases.TC_003_LoginDataDrivenTest - Click on My Account
22:59:31.007 [TestNG-tests-1] INFO  testCases.TC_003_LoginDataDrivenTest - Click on Login link
22:59:41.534 [TestNG-tests-1] INFO  testCases.TC_003_LoginDataDrivenTest - My account message verification completed
22:59:41.534 [TestNG-tests-1] INFO  testCases.TC_003_LoginDataDrivenTest - *** Finished TC_003_LoginDataDrivenTest *** 
22:59:41.534 [TestNG-tests-1] INFO  testCases.TC_003_LoginDataDrivenTest - *** Starting TC_003_LoginDataDrivenTest *** 
22:59:41.613 [TestNG-tests-1] INFO  testCases.TC_003_LoginDataDrivenTest - Click on My Account
22:59:41.886 [TestNG-tests-1] INFO  testCases.TC_003_LoginDataDrivenTest - Click on Login link
22:59:52.397 [TestNG-tests-1] INFO  testCases.TC_003_LoginDataDrivenTest - My account message verification completed
22:59:52.397 [TestNG-tests-1] INFO  testCases.TC_003_LoginDataDrivenTest - *** Finished TC_003_LoginDataDrivenTest *** 
22:59:52.397 [TestNG-tests-1] INFO  testCases.TC_003_LoginDataDrivenTest - *** Starting TC_003_LoginDataDrivenTest *** 
22:59:52.511 [TestNG-tests-1] INFO  testCases.TC_003_LoginDataDrivenTest - Click on My Account
22:59:52.768 [TestNG-tests-1] INFO  testCases.TC_003_LoginDataDrivenTest - Click on Login link
22:59:53.344 [TestNG-tests-1] INFO  testCases.TC_003_LoginDataDrivenTest - My account message verification completed
22:59:53.682 [TestNG-tests-1] INFO  testCases.TC_003_LoginDataDrivenTest - *** Finished TC_003_LoginDataDrivenTest *** 
23:21:13.957 [main] INFO  testCases.TC_001_AccountRegistrationPageTest - ***   Starting TC_001_AccountRegistrationTest   ***
23:21:14.455 [main] INFO  testCases.TC_001_AccountRegistrationPageTest - *** CLICKED ON MYACCOUNT LINK ***
23:21:14.946 [main] INFO  testCases.TC_001_AccountRegistrationPageTest - *** CLICKED ON REGISTER LINK ***
23:21:14.954 [main] INFO  testCases.TC_001_AccountRegistrationPageTest - *** PROVIDING CUSTOMER DATA ***
23:21:18.183 [main] INFO  testCases.TC_001_AccountRegistrationPageTest - *** CLICKED ON CONTINUE  ***
23:21:18.183 [main] INFO  testCases.TC_001_AccountRegistrationPageTest - *** VALIDATING EXPECTED MESSAGE ***
23:21:18.225 [main] INFO  testCases.TC_001_AccountRegistrationPageTest - ***   Finished TC_001_AccountRegistrationTest   ***
23:21:21.155 [main] INFO  testCases.TC_002_LoginTest - *** TC_002_LoginTest ***
23:21:21.581 [main] INFO  testCases.TC_002_LoginTest - Click on My Account
23:21:21.997 [main] INFO  testCases.TC_002_LoginTest - Click on Login link
23:21:22.599 [main] INFO  testCases.TC_002_LoginTest - Login button clicked successfully
23:21:22.648 [main] INFO  testCases.TC_002_LoginTest - My account message verification completed
23:21:22.993 [main] INFO  testCases.TC_002_LoginTest - Logged out successfully
23:21:22.993 [main] INFO  testCases.TC_002_LoginTest -  TC_002_LoginTest completed successfully 
23:26:30.613 [main] INFO  testCases.TC_002_LoginTest - *** TC_002_LoginTest ***
23:26:31.052 [main] INFO  testCases.TC_002_LoginTest - Click on My Account
23:26:31.467 [main] INFO  testCases.TC_002_LoginTest - Click on Login link
23:26:32.127 [main] INFO  testCases.TC_002_LoginTest - Login button clicked successfully
23:26:32.188 [main] INFO  testCases.TC_002_LoginTest - My account message verification completed
23:26:32.540 [main] INFO  testCases.TC_002_LoginTest - Logged out successfully
23:26:32.540 [main] INFO  testCases.TC_002_LoginTest -  TC_002_LoginTest completed successfully 
23:37:17.941 [TestNG-tests-1] INFO  testCases.TC_001_AccountRegistrationPageTest - ***   Starting TC_001_AccountRegistrationTest   ***
23:37:18.455 [TestNG-tests-1] INFO  testCases.TC_001_AccountRegistrationPageTest - *** CLICKED ON MYACCOUNT LINK ***
23:37:18.881 [TestNG-tests-1] INFO  testCases.TC_001_AccountRegistrationPageTest - *** CLICKED ON REGISTER LINK ***
23:37:18.886 [TestNG-tests-1] INFO  testCases.TC_001_AccountRegistrationPageTest - *** PROVIDING CUSTOMER DATA ***
23:37:22.056 [TestNG-tests-1] INFO  testCases.TC_001_AccountRegistrationPageTest - *** CLICKED ON CONTINUE  ***
23:37:22.057 [TestNG-tests-1] INFO  testCases.TC_001_AccountRegistrationPageTest - *** VALIDATING EXPECTED MESSAGE ***
23:37:25.187 [TestNG-tests-1] INFO  testCases.TC_002_LoginTest - *** TC_002_LoginTest ***
23:37:25.642 [TestNG-tests-1] INFO  testCases.TC_002_LoginTest - Click on My Account
23:37:26.028 [TestNG-tests-1] INFO  testCases.TC_002_LoginTest - Click on Login link
23:37:26.727 [TestNG-tests-1] INFO  testCases.TC_002_LoginTest - Login button clicked successfully
23:37:26.780 [TestNG-tests-1] INFO  testCases.TC_002_LoginTest - My account message verification completed
23:37:27.137 [TestNG-tests-1] INFO  testCases.TC_002_LoginTest - Logged out successfully
23:37:27.138 [TestNG-tests-1] INFO  testCases.TC_002_LoginTest -  TC_002_LoginTest completed successfully 
22:13:57.147 [TestNG-tests-1] INFO  testCases.TC_001_AccountRegistrationPageTest - ***   Starting TC_001_AccountRegistrationTest   ***
22:13:57.802 [TestNG-tests-1] INFO  testCases.TC_001_AccountRegistrationPageTest - *** CLICKED ON MYACCOUNT LINK ***
22:13:58.534 [TestNG-tests-1] INFO  testCases.TC_001_AccountRegistrationPageTest - *** CLICKED ON REGISTER LINK ***
22:13:58.542 [TestNG-tests-1] INFO  testCases.TC_001_AccountRegistrationPageTest - *** PROVIDING CUSTOMER DATA ***
22:14:02.087 [TestNG-tests-1] INFO  testCases.TC_001_AccountRegistrationPageTest - *** CLICKED ON CONTINUE  ***
22:14:02.088 [TestNG-tests-1] INFO  testCases.TC_001_AccountRegistrationPageTest - *** VALIDATING EXPECTED MESSAGE ***
22:14:02.136 [TestNG-tests-1] INFO  testCases.TC_001_AccountRegistrationPageTest - ***   Finished TC_001_AccountRegistrationTest   ***
22:14:06.409 [TestNG-tests-1] INFO  testCases.TC_002_LoginTest - *** TC_002_LoginTest ***
22:14:07.039 [TestNG-tests-1] INFO  testCases.TC_002_LoginTest - Click on My Account
22:14:07.622 [TestNG-tests-1] INFO  testCases.TC_002_LoginTest - Click on Login link
22:14:08.639 [TestNG-tests-1] INFO  testCases.TC_002_LoginTest - Login button clicked successfully
22:14:09.025 [TestNG-tests-1] INFO  testCases.TC_002_LoginTest - My account message verification completed
22:14:09.533 [TestNG-tests-1] INFO  testCases.TC_002_LoginTest - Logged out successfully
22:14:09.533 [TestNG-tests-1] INFO  testCases.TC_002_LoginTest -  TC_002_LoginTest completed successfully 
22:34:29.183 [TestNG-tests-1] INFO  testCases.TC_001_AccountRegistrationPageTest - ***   Starting TC_001_AccountRegistrationTest   ***
22:34:29.647 [TestNG-tests-1] INFO  testCases.TC_001_AccountRegistrationPageTest - *** CLICKED ON MYACCOUNT LINK ***
22:34:30.431 [TestNG-tests-1] INFO  testCases.TC_001_AccountRegistrationPageTest - *** CLICKED ON REGISTER LINK ***
22:34:30.443 [TestNG-tests-1] INFO  testCases.TC_001_AccountRegistrationPageTest - *** PROVIDING CUSTOMER DATA ***
22:34:34.028 [TestNG-tests-1] INFO  testCases.TC_001_AccountRegistrationPageTest - *** CLICKED ON CONTINUE  ***
22:34:34.029 [TestNG-tests-1] INFO  testCases.TC_001_AccountRegistrationPageTest - *** VALIDATING EXPECTED MESSAGE ***
22:34:34.086 [TestNG-tests-1] INFO  testCases.TC_001_AccountRegistrationPageTest - ***   Finished TC_001_AccountRegistrationTest   ***
22:34:37.997 [TestNG-tests-1] INFO  testCases.TC_002_LoginTest - *** TC_002_LoginTest ***
22:34:38.725 [TestNG-tests-1] INFO  testCases.TC_002_LoginTest - Click on My Account
22:34:39.331 [TestNG-tests-1] INFO  testCases.TC_002_LoginTest - Click on Login link
22:34:40.191 [TestNG-tests-1] INFO  testCases.TC_002_LoginTest - Login button clicked successfully
22:34:40.252 [TestNG-tests-1] INFO  testCases.TC_002_LoginTest - My account message verification completed
22:34:40.734 [TestNG-tests-1] INFO  testCases.TC_002_LoginTest - Logged out successfully
22:34:40.735 [TestNG-tests-1] INFO  testCases.TC_002_LoginTest -  TC_002_LoginTest completed successfully 
22:36:40.552 [TestNG-tests-1] INFO  testCases.TC_001_AccountRegistrationPageTest - ***   Starting TC_001_AccountRegistrationTest   ***
22:36:41.169 [TestNG-tests-1] INFO  testCases.TC_001_AccountRegistrationPageTest - *** CLICKED ON MYACCOUNT LINK ***
22:36:41.792 [TestNG-tests-1] INFO  testCases.TC_001_AccountRegistrationPageTest - *** CLICKED ON REGISTER LINK ***
22:36:41.798 [TestNG-tests-1] INFO  testCases.TC_001_AccountRegistrationPageTest - *** PROVIDING CUSTOMER DATA ***
22:36:45.486 [TestNG-tests-1] INFO  testCases.TC_001_AccountRegistrationPageTest - *** CLICKED ON CONTINUE  ***
22:36:45.486 [TestNG-tests-1] INFO  testCases.TC_001_AccountRegistrationPageTest - *** VALIDATING EXPECTED MESSAGE ***
22:36:45.530 [TestNG-tests-1] INFO  testCases.TC_001_AccountRegistrationPageTest - ***   Finished TC_001_AccountRegistrationTest   ***
22:36:49.472 [TestNG-tests-1] INFO  testCases.TC_002_LoginTest - *** TC_002_LoginTest ***
22:36:50.114 [TestNG-tests-1] INFO  testCases.TC_002_LoginTest - Click on My Account
22:36:50.588 [TestNG-tests-1] INFO  testCases.TC_002_LoginTest - Click on Login link
22:36:51.405 [TestNG-tests-1] INFO  testCases.TC_002_LoginTest - Login button clicked successfully
22:36:51.474 [TestNG-tests-1] INFO  testCases.TC_002_LoginTest - My account message verification completed
22:36:51.949 [TestNG-tests-1] INFO  testCases.TC_002_LoginTest - Logged out successfully
22:36:51.950 [TestNG-tests-1] INFO  testCases.TC_002_LoginTest -  TC_002_LoginTest completed successfully 
22:41:20.306 [TestNG-tests-1] INFO  testCases.TC_001_AccountRegistrationPageTest - ***   Starting TC_001_AccountRegistrationTest   ***
22:41:20.866 [TestNG-tests-1] INFO  testCases.TC_001_AccountRegistrationPageTest - *** CLICKED ON MYACCOUNT LINK ***
22:41:21.557 [TestNG-tests-1] INFO  testCases.TC_001_AccountRegistrationPageTest - *** CLICKED ON REGISTER LINK ***
22:41:21.562 [TestNG-tests-1] INFO  testCases.TC_001_AccountRegistrationPageTest - *** PROVIDING CUSTOMER DATA ***
22:41:25.550 [TestNG-tests-1] INFO  testCases.TC_001_AccountRegistrationPageTest - *** CLICKED ON CONTINUE  ***
22:41:25.551 [TestNG-tests-1] INFO  testCases.TC_001_AccountRegistrationPageTest - *** VALIDATING EXPECTED MESSAGE ***
22:41:25.613 [TestNG-tests-1] INFO  testCases.TC_001_AccountRegistrationPageTest - ***   Finished TC_001_AccountRegistrationTest   ***
22:41:30.282 [TestNG-tests-1] INFO  testCases.TC_002_LoginTest - *** TC_002_LoginTest ***
22:41:31.352 [TestNG-tests-1] INFO  testCases.TC_002_LoginTest - Click on My Account
22:41:31.906 [TestNG-tests-1] INFO  testCases.TC_002_LoginTest - Click on Login link
22:41:32.855 [TestNG-tests-1] INFO  testCases.TC_002_LoginTest - Login button clicked successfully
22:41:32.913 [TestNG-tests-1] INFO  testCases.TC_002_LoginTest - My account message verification completed
22:41:33.442 [TestNG-tests-1] INFO  testCases.TC_002_LoginTest - Logged out successfully
22:41:33.442 [TestNG-tests-1] INFO  testCases.TC_002_LoginTest -  TC_002_LoginTest completed successfully 
22:45:37.980 [TestNG-tests-1] INFO  testCases.TC_001_AccountRegistrationPageTest - ***   Starting TC_001_AccountRegistrationTest   ***
22:45:38.595 [TestNG-tests-1] INFO  testCases.TC_001_AccountRegistrationPageTest - *** CLICKED ON MYACCOUNT LINK ***
22:45:39.201 [TestNG-tests-1] INFO  testCases.TC_001_AccountRegistrationPageTest - *** CLICKED ON REGISTER LINK ***
22:45:39.209 [TestNG-tests-1] INFO  testCases.TC_001_AccountRegistrationPageTest - *** PROVIDING CUSTOMER DATA ***
22:45:42.688 [TestNG-tests-1] INFO  testCases.TC_001_AccountRegistrationPageTest - *** CLICKED ON CONTINUE  ***
22:45:42.689 [TestNG-tests-1] INFO  testCases.TC_001_AccountRegistrationPageTest - *** VALIDATING EXPECTED MESSAGE ***
22:45:42.729 [TestNG-tests-1] INFO  testCases.TC_001_AccountRegistrationPageTest - ***   Finished TC_001_AccountRegistrationTest   ***
22:45:46.141 [TestNG-tests-1] INFO  testCases.TC_002_LoginTest - *** TC_002_LoginTest ***
22:45:46.775 [TestNG-tests-1] INFO  testCases.TC_002_LoginTest - Click on My Account
22:45:47.319 [TestNG-tests-1] INFO  testCases.TC_002_LoginTest - Click on Login link
22:45:48.179 [TestNG-tests-1] INFO  testCases.TC_002_LoginTest - Login button clicked successfully
22:45:48.239 [TestNG-tests-1] INFO  testCases.TC_002_LoginTest - My account message verification completed
22:45:48.705 [TestNG-tests-1] INFO  testCases.TC_002_LoginTest - Logged out successfully
22:45:48.706 [TestNG-tests-1] INFO  testCases.TC_002_LoginTest -  TC_002_LoginTest completed successfully 
